<?xml version="1.0" encoding="UTF-8"?>
<!-- Generated by org.testng.reporters.JUnitReportReporter -->
<testsuite hostname="Bhushan" failures="0" tests="1" name="testClasses.HomePageTest" time="31.744" errors="0" timestamp="2020-01-01T19:58:23 IST" skipped="0">
  <testcase classname="testClasses.HomePageTest" name="testMMTLogoPresense" time="31.744"/>
</testsuite> <!-- testClasses.HomePageTest -->
